# JRE version: Java(TM) SE Runtime Environment (8.0_66-b17) (build 1.8.0_66-b17)
# Java VM: Java HotSpot(TM) 64-Bit Server VM (25.66-b17 mixed mode linux-amd64 compressed oops)
Heap:
 PSYoungGen      total 1587712K, used 1325836K [0x0000000742980000, 0x00000007c0000000, 0x00000007c0000000)
  eden space 1587200K, 83% used [0x0000000742980000,0x000000079380b270,0x00000007a3780000)
  from space 512K, 43% used [0x00000007bff00000,0x00000007bff38000,0x00000007bff80000)
  to   space 512K, 0% used [0x00000007bff80000,0x00000007bff80000,0x00000007c0000000)
 ParOldGen       total 757760K, used 452234K [0x0000000647c00000, 0x0000000676000000, 0x0000000742980000)
  object space 757760K, 59% used [0x0000000647c00000,0x00000006635a2988,0x0000000676000000)
 Metaspace       used 9543K, capacity 9890K, committed 10112K, reserved 1058816K
  class space    used 1064K, capacity 1152K, committed 1152K, reserved 1048576K
GC Heap History (10 events):
Event: 218,721 GC heap before
{Heap before GC invocations=191 (full 8):
 PSYoungGen      total 1207296K, used 1206976K [0x0000000742980000, 0x00000007c0000000, 0x00000007c0000000)
  eden space 1206784K, 100% used [0x0000000742980000,0x000000078c400000,0x000000078c400000)
  from space 512K, 37% used [0x00000007bff80000,0x00000007bffb0000,0x00000007c0000000)
  to   space 512K, 0% used [0x00000007bff00000,0x00000007bff00000,0x00000007bff80000)
 ParOldGen       total 757760K, used 452146K [0x0000000647c00000, 0x0000000676000000, 0x0000000742980000)
  object space 757760K, 59% used [0x0000000647c00000,0x000000066358c988,0x0000000676000000)
 Metaspace       used 9344K, capacity 9754K, committed 9856K, reserved 1058816K
  class space    used 1057K, capacity 1149K, committed 1152K, reserved 1048576K
Event: 218,732 GC heap after
Heap after GC invocations=191 (full 8):
 PSYoungGen      total 1285120K, used 192K [0x0000000742980000, 0x00000007c0000000, 0x00000007c0000000)
  eden space 1284608K, 0% used [0x0000000742980000,0x0000000742980000,0x0000000791000000)
  from space 512K, 37% used [0x00000007bff00000,0x00000007bff30000,0x00000007bff80000)
  to   space 512K, 0% used [0x00000007bff80000,0x00000007bff80000,0x00000007c0000000)
 ParOldGen       total 757760K, used 452170K [0x0000000647c00000, 0x0000000676000000, 0x0000000742980000)
  object space 757760K, 59% used [0x0000000647c00000,0x0000000663592988,0x0000000676000000)
 Metaspace       used 9344K, capacity 9754K, committed 9856K, reserved 1058816K
  class space    used 1057K, capacity 1149K, committed 1152K, reserved 1048576K
}
Event: 219,610 GC heap before
{Heap before GC invocations=192 (full 8):
 PSYoungGen      total 1285120K, used 1284800K [0x0000000742980000, 0x00000007c0000000, 0x00000007c0000000)
  eden space 1284608K, 100% used [0x0000000742980000,0x0000000791000000,0x0000000791000000)
  from space 512K, 37% used [0x00000007bff00000,0x00000007bff30000,0x00000007bff80000)
  to   space 512K, 0% used [0x00000007bff80000,0x00000007bff80000,0x00000007c0000000)
 ParOldGen       total 757760K, used 452170K [0x0000000647c00000, 0x0000000676000000, 0x0000000742980000)
  object space 757760K, 59% used [0x0000000647c00000,0x0000000663592988,0x0000000676000000)
 Metaspace       used 9344K, capacity 9754K, committed 9856K, reserved 1058816K
  class space    used 1057K, capacity 1149K, committed 1152K, reserved 1048576K
Event: 219,612 GC heap after
Heap after GC invocations=192 (full 8):
 PSYoungGen      total 1355776K, used 224K [0x0000000742980000, 0x00000007c0000000, 0x00000007c0000000)
  eden space 1355264K, 0% used [0x0000000742980000,0x0000000742980000,0x0000000795500000)
  from space 512K, 43% used [0x00000007bff80000,0x00000007bffb8000,0x00000007c0000000)
  to   space 512K, 0% used [0x00000007bff00000,0x00000007bff00000,0x00000007bff80000)
 ParOldGen       total 757760K, used 452186K [0x0000000647c00000, 0x0000000676000000, 0x0000000742980000)
  object space 757760K, 59% used [0x0000000647c00000,0x0000000663596988,0x0000000676000000)
 Metaspace       used 9344K, capacity 9754K, committed 9856K, reserved 1058816K
  class space    used 1057K, capacity 1149K, committed 1152K, reserved 1048576K
}
Event: 220,539 GC heap before
{Heap before GC invocations=193 (full 8):
 PSYoungGen      total 1355776K, used 1355488K [0x0000000742980000, 0x00000007c0000000, 0x00000007c0000000)
  eden space 1355264K, 100% used [0x0000000742980000,0x0000000795500000,0x0000000795500000)
  from space 512K, 43% used [0x00000007bff80000,0x00000007bffb8000,0x00000007c0000000)
  to   space 512K, 0% used [0x00000007bff00000,0x00000007bff00000,0x00000007bff80000)
 ParOldGen       total 757760K, used 452186K [0x0000000647c00000, 0x0000000676000000, 0x0000000742980000)
  object space 757760K, 59% used [0x0000000647c00000,0x0000000663596988,0x0000000676000000)
 Metaspace       used 9347K, capacity 9754K, committed 9856K, reserved 1058816K
  class space    used 1057K, capacity 1149K, committed 1152K, reserved 1048576K
Event: 220,540 GC heap after
Heap after GC invocations=193 (full 8):
 PSYoungGen      total 1418752K, used 160K [0x0000000742980000, 0x00000007c0000000, 0x00000007c0000000)
  eden space 1418240K, 0% used [0x0000000742980000,0x0000000742980000,0x0000000799280000)
  from space 512K, 31% used [0x00000007bff00000,0x00000007bff28000,0x00000007bff80000)
  to   space 512K, 0% used [0x00000007bff80000,0x00000007bff80000,0x00000007c0000000)
 ParOldGen       total 757760K, used 452202K [0x0000000647c00000, 0x0000000676000000, 0x0000000742980000)
  object space 757760K, 59% used [0x0000000647c00000,0x000000066359a988,0x0000000676000000)
 Metaspace       used 9347K, capacity 9754K, committed 9856K, reserved 1058816K
  class space    used 1057K, capacity 1149K, committed 1152K, reserved 1048576K
}
Event: 221,510 GC heap before
{Heap before GC invocations=194 (full 8):
 PSYoungGen      total 1418752K, used 1418400K [0x0000000742980000, 0x00000007c0000000, 0x00000007c0000000)
  eden space 1418240K, 100% used [0x0000000742980000,0x0000000799280000,0x0000000799280000)
  from space 512K, 31% used [0x00000007bff00000,0x00000007bff28000,0x00000007bff80000)
  to   space 512K, 0% used [0x00000007bff80000,0x00000007bff80000,0x00000007c0000000)
 ParOldGen       total 757760K, used 452202K [0x0000000647c00000, 0x0000000676000000, 0x0000000742980000)
  object space 757760K, 59% used [0x0000000647c00000,0x000000066359a988,0x0000000676000000)
 Metaspace       used 9347K, capacity 9754K, committed 9856K, reserved 1058816K
  class space    used 1057K, capacity 1149K, committed 1152K, reserved 1048576K
Event: 221,526 GC heap after
Heap after GC invocations=194 (full 8):
 PSYoungGen      total 1499648K, used 224K [0x0000000742980000, 0x00000007c0000000, 0x00000007c0000000)
  eden space 1499136K, 0% used [0x0000000742980000,0x0000000742980000,0x000000079e180000)
  from space 512K, 43% used [0x00000007bff80000,0x00000007bffb8000,0x00000007c0000000)
  to   space 512K, 0% used [0x00000007bff00000,0x00000007bff00000,0x00000007bff80000)
 ParOldGen       total 757760K, used 452218K [0x0000000647c00000, 0x0000000676000000, 0x0000000742980000)
  object space 757760K, 59% used [0x0000000647c00000,0x000000066359e988,0x0000000676000000)
 Metaspace       used 9347K, capacity 9754K, committed 9856K, reserved 1058816K
  class space    used 1057K, capacity 1149K, committed 1152K, reserved 1048576K
}
Event: 222,552 GC heap before
{Heap before GC invocations=195 (full 8):
 PSYoungGen      total 1499648K, used 1499360K [0x0000000742980000, 0x00000007c0000000, 0x00000007c0000000)
  eden space 1499136K, 100% used [0x0000000742980000,0x000000079e180000,0x000000079e180000)
  from space 512K, 43% used [0x00000007bff80000,0x00000007bffb8000,0x00000007c0000000)
  to   space 512K, 0% used [0x00000007bff00000,0x00000007bff00000,0x00000007bff80000)
 ParOldGen       total 757760K, used 452218K [0x0000000647c00000, 0x0000000676000000, 0x0000000742980000)
  object space 757760K, 59% used [0x0000000647c00000,0x000000066359e988,0x0000000676000000)
 Metaspace       used 9347K, capacity 9754K, committed 9856K, reserved 1058816K
  class space    used 1057K, capacity 1149K, committed 1152K, reserved 1048576K
Event: 222,563 GC heap after
Heap after GC invocations=195 (full 8):
 PSYoungGen      total 1587712K, used 224K [0x0000000742980000, 0x00000007c0000000, 0x00000007c0000000)
  eden space 1587200K, 0% used [0x0000000742980000,0x0000000742980000,0x00000007a3780000)
  from space 512K, 43% used [0x00000007bff00000,0x00000007bff38000,0x00000007bff80000)
  to   space 512K, 0% used [0x00000007bff80000,0x00000007bff80000,0x00000007c0000000)
 ParOldGen       total 757760K, used 452234K [0x0000000647c00000, 0x0000000676000000, 0x0000000742980000)
  object space 757760K, 59% used [0x0000000647c00000,0x00000006635a2988,0x0000000676000000)
 Metaspace       used 9347K, capacity 9754K, committed 9856K, reserved 1058816K
  class space    used 1057K, capacity 1149K, committed 1152K, reserved 1048576K
}

